<?xml version="1.0" encoding="UTF-8"?>
<!-- Generated by org.testng.reporters.JUnitReportReporter -->
<testsuite hostname="RAJ-LAPTOP" failures="0" tests="1" name="contactTests.CreateContactWithOrganizationTest" time="27.346" errors="0" timestamp="2024-02-12T17:12:59 IST" skipped="0">
  <testcase classname="contactTests.CreateContactWithOrganizationTest" name="createContactWithOrganizationTest" time="27.346"/>
</testsuite> <!-- contactTests.CreateContactWithOrganizationTest -->
