<?xml version="1.0" encoding="UTF-8"?>
<!-- Generated by org.testng.reporters.JUnitReportReporter -->
<testsuite hostname="RAJ-LAPTOP" failures="0" tests="2" name="leadTests.LeadTest" time="51.403" errors="0" timestamp="2024-03-20T13:04:54 IST" skipped="0">
  <testcase classname="leadTests.LeadTest" name="createLeadTest" time="28.425">
    <system-out>
      <![CDATA[Clicked on leads link
Clicked on create new lead lookup icon
Lead created with last name and company]]>
    </system-out>
  </testcase> <!-- createLeadTest -->
  <testcase classname="leadTests.LeadTest" name="createLeadWithLeadSourceTest" time="22.978">
    <system-out>
      <![CDATA[Clicked on leads link
Clicked on create new lead lookup icon
Lead created with last name, company and lead source]]>
    </system-out>
  </testcase> <!-- createLeadWithLeadSourceTest -->
  <system-out>
    <![CDATA[Clicked on leads link
Clicked on create new lead lookup icon
Lead created with last name and company
Clicked on leads link
Clicked on create new lead lookup icon
Clicked on products link
Clicked on create new product image
Lead created with last name, company and lead source
Product created
Product header validated
Clicked on products link
Clicked on create new product image
Product created
Product header validated
Clicked on contacts link
Clicked on create new contact button
Clicked on Products tab
Contact created
Header captured
Clicked on create new product look up image
Product created
Product header validated
Clicked on contacts link
Clicked on create new contact lookup image
Contact created with lead source
Header captured
Header validated]]>
  </system-out>
</testsuite> <!-- leadTests.LeadTest -->
