<?xml version="1.0" encoding="UTF-8"?>
<!-- Generated by org.testng.reporters.JUnitReportReporter -->
<testsuite hostname="RAJ-LAPTOP" failures="0" tests="1" name="organizationTests.CreateOrganizationTest" time="17.821" errors="0" timestamp="2024-03-28T10:06:18 IST" skipped="0">
  <testcase classname="organizationTests.CreateOrganizationTest" name="createOrganizationTest" time="17.821"/>
  <system-out>
    <![CDATA[Clicked on contacts link
Clicked on create new contact button
Contact created
Header captured]]>
  </system-out>
</testsuite> <!-- organizationTests.CreateOrganizationTest -->
