<?xml version="1.0" encoding="UTF-8"?>
<!-- Generated by org.testng.reporters.JUnitReportReporter -->
<testsuite hostname="RAJ-LAPTOP" failures="0" tests="1" name="organizationTests.CreateOrganizationWithIndustryTest" time="17.491" errors="0" timestamp="2024-02-12T13:15:35 IST" skipped="0">
  <testcase classname="organizationTests.CreateOrganizationWithIndustryTest" name="createOrganizationWithIndustryTest" time="17.491"/>
</testsuite> <!-- organizationTests.CreateOrganizationWithIndustryTest -->
