<?xml version="1.0" encoding="UTF-8"?>
<!-- Generated by org.testng.reporters.JUnitReportReporter -->
<testsuite hostname="RAJ-LAPTOP" failures="0" tests="2" name="contactTests.CreateContactWithOrganizationTest" time="58.218" errors="0" timestamp="2024-03-17T23:11:25 IST" skipped="0">
  <testcase classname="contactTests.CreateContactWithOrganizationTest" name="createContactWithOrganizationTest" time="28.448"/>
  <testcase classname="contactTests.CreateContactWithOrganizationTest" name="createContactWithOrganizationTest" time="29.770"/>
</testsuite> <!-- contactTests.CreateContactWithOrganizationTest -->
