<?xml version="1.0" encoding="UTF-8"?>
<!-- Generated by org.testng.reporters.JUnitReportReporter -->
<testsuite hostname="RAJ-LAPTOP" failures="0" tests="1" name="organizationTests.CreatecontactWithLeadSource" time="14.921" errors="0" timestamp="2024-02-12T13:45:07 IST" skipped="0">
  <testcase classname="organizationTests.CreatecontactWithLeadSource" name="createcontactWithLeadSource" time="14.921"/>
</testsuite> <!-- organizationTests.CreatecontactWithLeadSource -->
