<?xml version="1.0" encoding="UTF-8"?>
<!-- Generated by org.testng.reporters.JUnitReportReporter -->
<testsuite hostname="RAJ-LAPTOP" failures="0" tests="1" name="organizationTests.CreateOrganizationTest" time="22.000" errors="0" timestamp="2024-02-13T11:30:23 IST" skipped="0">
  <testcase classname="organizationTests.CreateOrganizationTest" name="createOrganizationTest" time="22.000"/>
</testsuite> <!-- organizationTests.CreateOrganizationTest -->
