<?xml version="1.0" encoding="UTF-8"?>
<!-- Generated by org.testng.reporters.JUnitReportReporter -->
<testsuite hostname="RAJ-LAPTOP" failures="0" tests="3" name="productTests.CreateProductTest" time="62.949" errors="0" timestamp="2024-03-18T20:46:31 IST" skipped="0">
  <testcase classname="productTests.CreateProductTest" name="createProductWithCategory" time="22.280">
    <system-out>
      <![CDATA[Clicked on products link
Clicked on create new product image
Product created
Product header validated]]>
    </system-out>
  </testcase> <!-- createProductWithCategory -->
  <testcase classname="productTests.CreateProductTest" name="createProductWithCategoryAndManufactr" time="18.877">
    <system-out>
      <![CDATA[Clicked on Products tab
Clicked on create new product look up image
Product created
Product header validated]]>
    </system-out>
  </testcase> <!-- createProductWithCategoryAndManufactr -->
  <testcase classname="productTests.CreateProductTest" name="createProductTest" time="21.792">
    <system-out>
      <![CDATA[Clicked on products link
Clicked on create new product image
Product created
Product header validated]]>
    </system-out>
  </testcase> <!-- createProductTest -->
  <system-out>
    <![CDATA[Clicked on leads link
Clicked on create new lead lookup icon
Lead created with last name and company
Clicked on leads link
Clicked on create new lead lookup icon
Clicked on products link
Lead created with last name, company and lead source
Clicked on create new product image
Product created
Product header validated
Clicked on products link
Clicked on create new product image
Product created
Product header validated
Clicked on contacts link
Clicked on Products tab
Clicked on create new contact button
Clicked on create new product look up image
Contact created
Header captured
Product created
Product header validated
Clicked on contacts link
Clicked on create new contact lookup image
Contact created with lead source
Header captured
Header validated]]>
  </system-out>
</testsuite> <!-- productTests.CreateProductTest -->
