<?xml version="1.0" encoding="UTF-8"?>
<!-- Generated by org.testng.reporters.JUnitReportReporter -->
<testsuite hostname="RAJ-LAPTOP" failures="0" tests="1" name="contactTests.CreateContactWithOrganizationTest" time="29.199" errors="0" timestamp="2024-03-27T17:03:20 IST" skipped="0">
  <testcase classname="contactTests.CreateContactWithOrganizationTest" name="createContactWithOrganizationTest" time="29.199"/>
  <system-out>
    <![CDATA[Clicked on contacts link
Clicked on create new contact lookup image
Contact created with lead source
Header captured
Header validated
Clicked on contacts link
Clicked on create new contact button
Contact created
Header captured]]>
  </system-out>
</testsuite> <!-- contactTests.CreateContactWithOrganizationTest -->
