<?xml version="1.0" encoding="UTF-8"?>
<!-- Generated by org.testng.reporters.JUnitReportReporter -->
<testsuite hostname="RAJ-LAPTOP" failures="0" tests="1" name="organizationTests.CreateOrgWithIndustryTest" time="15.313" errors="0" timestamp="2024-02-12T13:21:48 IST" skipped="0">
  <testcase classname="organizationTests.CreateOrgWithIndustryTest" name="createOrgWithIndustryTest" time="15.313"/>
</testsuite> <!-- organizationTests.CreateOrgWithIndustryTest -->
