<?xml version="1.0" encoding="UTF-8"?>
<!-- Generated by org.testng.reporters.JUnitReportReporter -->
<testsuite hostname="RAJ-LAPTOP" failures="0" tests="1" name="contactTests.CreateContactTest" time="19.552" errors="0" timestamp="2024-02-13T11:30:23 IST" skipped="0">
  <testcase classname="contactTests.CreateContactTest" name="createContactTest" time="19.552"/>
</testsuite> <!-- contactTests.CreateContactTest -->
