<?xml version="1.0" encoding="UTF-8"?>
<!-- Generated by org.testng.reporters.JUnitReportReporter -->
<testsuite hostname="RAJ-LAPTOP" failures="0" tests="2" name="contactTests.CreateContactTest" time="35.873" errors="0" timestamp="2024-03-27T17:52:09 IST" skipped="0">
  <testcase classname="contactTests.CreateContactTest" name="createContactTest" time="18.246">
    <system-out>
      <![CDATA[Clicked on contacts link
Clicked on create new contact button
Contact created
Header captured]]>
    </system-out>
  </testcase> <!-- createContactTest -->
  <testcase classname="contactTests.CreateContactTest" name="createContactTest" time="17.627">
    <system-out>
      <![CDATA[Clicked on contacts link
Clicked on create new contact button
Contact created
Header captured]]>
    </system-out>
  </testcase> <!-- createContactTest -->
  <system-out>
    <![CDATA[Clicked on contacts link
Clicked on contacts link
Clicked on create new contact lookup image
Clicked on create new contact lookup image
Contact created with lead source
Header captured
Header validated
Contact created with lead source
Header captured
Header validated
Clicked on contacts link
Clicked on contacts link
Clicked on create new contact button
Clicked on create new contact button
Contact created
Header captured
Contact created
Header captured]]>
  </system-out>
</testsuite> <!-- contactTests.CreateContactTest -->
