<?xml version="1.0" encoding="UTF-8"?>
<!-- Generated by org.testng.reporters.JUnitReportReporter -->
<testsuite hostname="RAJ-LAPTOP" failures="0" tests="3" name="practice.DataProviderPractice" time="0.014" errors="0" timestamp="2024-02-10T10:31:40 IST" skipped="0">
  <testcase classname="practice.DataProviderPractice" name="addProductToCart" time="0.002"/>
  <testcase classname="practice.DataProviderPractice" name="addProductToCart" time="0.010"/>
  <testcase classname="practice.DataProviderPractice" name="addProductToCart" time="0.002"/>
</testsuite> <!-- practice.DataProviderPractice -->
