<?xml version="1.0" encoding="UTF-8"?>
<!-- Generated by org.testng.reporters.JUnitReportReporter -->
<testsuite hostname="RAJ-LAPTOP" failures="0" tests="1" name="organizationTests.CreateOrganizationWithIndustryAndTypeTest" time="17.946" errors="0" timestamp="2024-02-12T17:21:00 IST" skipped="0">
  <testcase classname="organizationTests.CreateOrganizationWithIndustryAndTypeTest" name="createOrgWithIndustryAndTypeTest" time="17.946"/>
</testsuite> <!-- organizationTests.CreateOrganizationWithIndustryAndTypeTest -->
